<?xml version="1.0" encoding="UTF-8"?>
<!-- Generated by org.testng.reporters.JUnitXMLReporter -->
<testsuite ignored="0" hostname="DESKTOP-SE9H46H" failures="0" tests="4" name="Surefire test" time="0.04" errors="0" timestamp="25 Jul 2019 21:25:41 GMT">
  <testcase classname="qaclickacademy.AppiumTest" name="IOSApp" time="0.004"/>
  <testcase classname="qaclickacademy.AppiumTest" name="NativeappAndroid" time="0.0"/>
  <testcase classname="qaclickacademy.SeleniumTest" name="BrowserAutomation" time="0.0"/>
  <testcase classname="qaclickacademy.SeleniumTest" name="ElementsUI" time="0.0"/>
</testsuite> <!-- Surefire test -->
