<?xml version="1.0" encoding="UTF-8"?>
<!-- Generated by org.testng.reporters.JUnitXMLReporter -->
<testsuite ignored="0" hostname="DESKTOP-SE9H46H" failures="0" tests="6" name="Test" time="0.044" errors="0" timestamp="26 Jul 2019 20:56:04 GMT">
  <testcase classname="qaclickacademy.SeleniumTest" name="BrowserAutomation" time="0.012"/>
  <testcase classname="qaclickacademy.SeleniumTest" name="ElementsUI" time="0.0"/>
  <testcase classname="qaclickacademy.RestAPITest" name="DeleteTwitter" time="0.0"/>
  <testcase classname="qaclickacademy.RestAPITest" name="PostJira" time="0.0"/>
  <testcase classname="qaclickacademy.AppiumTest" name="IOSApp" time="0.0"/>
  <testcase classname="qaclickacademy.AppiumTest" name="NativeappAndroid" time="0.0"/>
</testsuite> <!-- Test -->
