<?xml version="1.0" encoding="UTF-8"?>
<testng-results ignored="0" total="6" passed="6" failed="0" skipped="0">
  <reporter-output>
  </reporter-output>
  <suite started-at="2019-07-26T20:56:04Z" name="Suite" finished-at="2019-07-26T20:56:04Z" duration-ms="44">
    <groups>
    </groups>
    <test started-at="2019-07-26T20:56:04Z" name="Test" finished-at="2019-07-26T20:56:04Z" duration-ms="44">
      <class name="qaclickacademy.AppiumTest">
        <test-method signature="NativeappAndroid()[pri:0, instance:qaclickacademy.AppiumTest@1dd92fe2]" started-at="2019-07-26T20:56:04Z" name="NativeappAndroid" finished-at="2019-07-26T20:56:04Z" duration-ms="0" status="PASS">
          <reporter-output>
          </reporter-output>
        </test-method> <!-- NativeappAndroid -->
        <test-method signature="IOSApp()[pri:0, instance:qaclickacademy.AppiumTest@1dd92fe2]" started-at="2019-07-26T20:56:04Z" name="IOSApp" finished-at="2019-07-26T20:56:04Z" duration-ms="0" status="PASS">
          <reporter-output>
          </reporter-output>
        </test-method> <!-- IOSApp -->
      </class> <!-- qaclickacademy.AppiumTest -->
      <class name="qaclickacademy.RestAPITest">
        <test-method signature="DeleteTwitter()[pri:0, instance:qaclickacademy.RestAPITest@255b53dc]" started-at="2019-07-26T20:56:04Z" name="DeleteTwitter" finished-at="2019-07-26T20:56:04Z" duration-ms="0" status="PASS">
          <reporter-output>
          </reporter-output>
        </test-method> <!-- DeleteTwitter -->
        <test-method signature="PostJira()[pri:0, instance:qaclickacademy.RestAPITest@255b53dc]" started-at="2019-07-26T20:56:04Z" name="PostJira" finished-at="2019-07-26T20:56:04Z" duration-ms="0" status="PASS">
          <reporter-output>
          </reporter-output>
        </test-method> <!-- PostJira -->
      </class> <!-- qaclickacademy.RestAPITest -->
      <class name="qaclickacademy.SeleniumTest">
        <test-method signature="BrowserAutomation()[pri:0, instance:qaclickacademy.SeleniumTest@731f8236]" started-at="2019-07-26T20:56:04Z" name="BrowserAutomation" finished-at="2019-07-26T20:56:04Z" duration-ms="12" status="PASS">
          <reporter-output>
          </reporter-output>
        </test-method> <!-- BrowserAutomation -->
        <test-method signature="ElementsUI()[pri:0, instance:qaclickacademy.SeleniumTest@731f8236]" started-at="2019-07-26T20:56:04Z" name="ElementsUI" finished-at="2019-07-26T20:56:04Z" duration-ms="0" status="PASS">
          <reporter-output>
          </reporter-output>
        </test-method> <!-- ElementsUI -->
      </class> <!-- qaclickacademy.SeleniumTest -->
    </test> <!-- Test -->
  </suite> <!-- Suite -->
</testng-results>
