<?xml version="1.0" encoding="UTF-8"?>
<testng-results skipped="0" failed="0" ignored="0" total="2" passed="2">
  <reporter-output>
  </reporter-output>
  <suite name="Default suite" duration-ms="61" started-at="2019-07-29T19:11:28Z" finished-at="2019-07-29T19:11:28Z">
    <groups>
    </groups>
    <test name="Default test" duration-ms="61" started-at="2019-07-29T19:11:28Z" finished-at="2019-07-29T19:11:28Z">
      <class name="qaclickacademy.AppiumTest">
        <test-method status="PASS" signature="IOSApp()[pri:0, instance:qaclickacademy.AppiumTest@3abbfa04]" name="IOSApp" duration-ms="14" started-at="2019-07-29T19:11:28Z" finished-at="2019-07-29T19:11:28Z">
          <reporter-output>
          </reporter-output>
        </test-method> <!-- IOSApp -->
        <test-method status="PASS" signature="NativeappAndroid()[pri:0, instance:qaclickacademy.AppiumTest@3abbfa04]" name="NativeappAndroid" duration-ms="3" started-at="2019-07-29T19:11:28Z" finished-at="2019-07-29T19:11:28Z">
          <reporter-output>
          </reporter-output>
        </test-method> <!-- NativeappAndroid -->
      </class> <!-- qaclickacademy.AppiumTest -->
    </test> <!-- Default test -->
  </suite> <!-- Default suite -->
</testng-results>
